# JRE version: Java(TM) SE Runtime Environment (17.0+35) (build 17+35-LTS-2724)
# Java VM: Java HotSpot(TM) 64-Bit Server VM (17+35-LTS-2724, mixed mode, emulated-client, sharing, tiered, compressed oops, compressed class ptrs, g1 gc, windows-amd64)
GC Precious Log:
 CPUs: 8 total, 8 available
 Memory: 7914M
 Large Page Support: Disabled
 NUMA Support: Disabled
 Compressed Oops: Enabled (32-bit)
 Heap Region Size: 1M
 Heap Min Capacity: 8M
 Heap Initial Capacity: 124M
 Heap Max Capacity: 1980M
 Pre-touch: Disabled
 Parallel Workers: 8
 Concurrent Workers: 2
 Concurrent Refinement Workers: 8
 Periodic GC: Disabled
Heap:
 garbage-first heap   total 126976K, used 23222K [0x0000000084400000, 0x0000000100000000)
  region size 1024K, 2 young (2048K), 2 survivors (2048K)
 Metaspace       used 54029K, committed 54528K, reserved 1097728K
  class space    used 7730K, committed 7936K, reserved 1048576K
GC Heap History (20 events):
Event: 0.891 GC heap after
{Heap after GC invocations=2 (full 0):
 garbage-first heap   total 126976K, used 9290K [0x0000000084400000, 0x0000000100000000)
  region size 1024K, 3 young (3072K), 3 survivors (3072K)
 Metaspace       used 11347K, committed 11648K, reserved 1064960K
  class space    used 1594K, committed 1728K, reserved 1048576K
}
Event: 1.118 GC heap before
{Heap before GC invocations=2 (full 0):
 garbage-first heap   total 126976K, used 76874K [0x0000000084400000, 0x0000000100000000)
  region size 1024K, 70 young (71680K), 3 survivors (3072K)
 Metaspace       used 16981K, committed 17344K, reserved 1064960K
  class space    used 2338K, committed 2496K, reserved 1048576K
}
Event: 1.122 GC heap after
{Heap after GC invocations=3 (full 0):
 garbage-first heap   total 126976K, used 11422K [0x0000000084400000, 0x0000000100000000)
  region size 1024K, 5 young (5120K), 5 survivors (5120K)
 Metaspace       used 16981K, committed 17344K, reserved 1064960K
  class space    used 2338K, committed 2496K, reserved 1048576K
}
Event: 1.136 GC heap before
{Heap before GC invocations=3 (full 0):
 garbage-first heap   total 126976K, used 81054K [0x0000000084400000, 0x0000000100000000)
  region size 1024K, 74 young (75776K), 5 survivors (5120K)
 Metaspace       used 17165K, committed 17600K, reserved 1064960K
  class space    used 2363K, committed 2560K, reserved 1048576K
}
Event: 1.139 GC heap after
{Heap after GC invocations=4 (full 0):
 garbage-first heap   total 126976K, used 11646K [0x0000000084400000, 0x0000000100000000)
  region size 1024K, 5 young (5120K), 5 survivors (5120K)
 Metaspace       used 17165K, committed 17600K, reserved 1064960K
  class space    used 2363K, committed 2560K, reserved 1048576K
}
Event: 1.688 GC heap before
{Heap before GC invocations=4 (full 0):
 garbage-first heap   total 126976K, used 80254K [0x0000000084400000, 0x0000000100000000)
  region size 1024K, 74 young (75776K), 5 survivors (5120K)
 Metaspace       used 21124K, committed 21504K, reserved 1073152K
  class space    used 2956K, committed 3136K, reserved 1048576K
}
Event: 1.694 GC heap after
{Heap after GC invocations=5 (full 0):
 garbage-first heap   total 126976K, used 14236K [0x0000000084400000, 0x0000000100000000)
  region size 1024K, 8 young (8192K), 8 survivors (8192K)
 Metaspace       used 21124K, committed 21504K, reserved 1073152K
  class space    used 2956K, committed 3136K, reserved 1048576K
}
Event: 2.156 GC heap before
{Heap before GC invocations=6 (full 0):
 garbage-first heap   total 55296K, used 38812K [0x0000000084400000, 0x0000000100000000)
  region size 1024K, 32 young (32768K), 8 survivors (8192K)
 Metaspace       used 25174K, committed 25664K, reserved 1073152K
  class space    used 3558K, committed 3776K, reserved 1048576K
}
Event: 2.166 GC heap after
{Heap after GC invocations=7 (full 0):
 garbage-first heap   total 89088K, used 17226K [0x0000000084400000, 0x0000000100000000)
  region size 1024K, 4 young (4096K), 4 survivors (4096K)
 Metaspace       used 25174K, committed 25664K, reserved 1073152K
  class space    used 3558K, committed 3776K, reserved 1048576K
}
Event: 2.208 GC heap before
{Heap before GC invocations=7 (full 0):
 garbage-first heap   total 89088K, used 18250K [0x0000000084400000, 0x0000000100000000)
  region size 1024K, 6 young (6144K), 4 survivors (4096K)
 Metaspace       used 25543K, committed 25984K, reserved 1073152K
  class space    used 3604K, committed 3840K, reserved 1048576K
}
Event: 2.213 GC heap after
{Heap after GC invocations=8 (full 0):
 garbage-first heap   total 89088K, used 17612K [0x0000000084400000, 0x0000000100000000)
  region size 1024K, 1 young (1024K), 1 survivors (1024K)
 Metaspace       used 25543K, committed 25984K, reserved 1073152K
  class space    used 3604K, committed 3840K, reserved 1048576K
}
Event: 3.049 GC heap before
{Heap before GC invocations=8 (full 0):
 garbage-first heap   total 89088K, used 64716K [0x0000000084400000, 0x0000000100000000)
  region size 1024K, 47 young (48128K), 1 survivors (1024K)
 Metaspace       used 35491K, committed 35968K, reserved 1081344K
  class space    used 5268K, committed 5504K, reserved 1048576K
}
Event: 3.054 GC heap after
{Heap after GC invocations=9 (full 0):
 garbage-first heap   total 89088K, used 19797K [0x0000000084400000, 0x0000000100000000)
  region size 1024K, 3 young (3072K), 3 survivors (3072K)
 Metaspace       used 35491K, committed 35968K, reserved 1081344K
  class space    used 5268K, committed 5504K, reserved 1048576K
}
Event: 3.058 GC heap before
{Heap before GC invocations=9 (full 0):
 garbage-first heap   total 89088K, used 19797K [0x0000000084400000, 0x0000000100000000)
  region size 1024K, 4 young (4096K), 3 survivors (3072K)
 Metaspace       used 35519K, committed 35968K, reserved 1081344K
  class space    used 5274K, committed 5504K, reserved 1048576K
}
Event: 3.061 GC heap after
{Heap after GC invocations=10 (full 0):
 garbage-first heap   total 89088K, used 19907K [0x0000000084400000, 0x0000000100000000)
  region size 1024K, 3 young (3072K), 3 survivors (3072K)
 Metaspace       used 35519K, committed 35968K, reserved 1081344K
  class space    used 5274K, committed 5504K, reserved 1048576K
}
Event: 4.049 GC heap before
{Heap before GC invocations=11 (full 0):
 garbage-first heap   total 71680K, used 58819K [0x0000000084400000, 0x0000000100000000)
  region size 1024K, 42 young (43008K), 3 survivors (3072K)
 Metaspace       used 47327K, committed 47808K, reserved 1089536K
  class space    used 6745K, committed 6976K, reserved 1048576K
}
Event: 4.053 GC heap after
{Heap after GC invocations=12 (full 0):
 garbage-first heap   total 71680K, used 22668K [0x0000000084400000, 0x0000000100000000)
  region size 1024K, 6 young (6144K), 6 survivors (6144K)
 Metaspace       used 47327K, committed 47808K, reserved 1089536K
  class space    used 6745K, committed 6976K, reserved 1048576K
}
Event: 4.056 GC heap before
{Heap before GC invocations=12 (full 0):
 garbage-first heap   total 71680K, used 23692K [0x0000000084400000, 0x0000000100000000)
  region size 1024K, 7 young (7168K), 6 survivors (6144K)
 Metaspace       used 47349K, committed 47808K, reserved 1089536K
  class space    used 6750K, committed 6976K, reserved 1048576K
}
Event: 4.060 GC heap after
{Heap after GC invocations=13 (full 0):
 garbage-first heap   total 71680K, used 22827K [0x0000000084400000, 0x0000000100000000)
  region size 1024K, 1 young (1024K), 1 survivors (1024K)
 Metaspace       used 47349K, committed 47808K, reserved 1089536K
  class space    used 6750K, committed 6976K, reserved 1048576K
}
Event: 4.663 GC heap before
{Heap before GC invocations=13 (full 0):
 garbage-first heap   total 71680K, used 55595K [0x0000000084400000, 0x0000000100000000)
  region size 1024K, 34 young (34816K), 1 survivors (1024K)
 Metaspace       used 54029K, committed 54528K, reserved 1097728K
  class space    used 7730K, committed 7936K, reserved 1048576K
}

